2022-01-29T13:36:43.582Z - info: [ui] [AppStore] loading 0 repositories from store
2022-01-29T13:36:43.598Z - info: [ui] [Welcome] no sign in step found. ignoring...
2022-01-29T13:36:43.600Z - info: [ui] [Welcome] no sign in step found. ignoring...
2022-01-29T13:36:43.651Z - info: [ui] launching: 2.9.6-linux1 (Linux 5.16.3-arch1-1)
2022-01-29T13:36:43.651Z - info: [ui] execPath: '/opt/github-desktop/github-desktop'
2022-01-29T13:36:43.669Z - info: [ui] [Welcome] no sign in step found. ignoring...
2022-01-29T13:36:43.693Z - info: [ui] [Welcome] no sign in step found. ignoring...
2022-01-29T13:36:44.904Z - info: [ui] Opt in reported.
2022-01-29T13:36:49.406Z - info: [ui] [Welcome] advancing to step: SignInToDotComWithBrowser
2022-01-29T13:36:49.410Z - info: [ui] [SignInStore] initializing OAuth flow
2022-01-29T13:36:49.415Z - info: [main] opening in browser: https://github.com/login/oauth/authorize?client_id=3a723b10ac5575cc5bb9&scope=repo%20user%20workflow&state=a265e78b-cb53-4a72-be1f-cfd12a43fbb3
2022-01-29T13:36:49.417Z - info: [ui] [Welcome] current sign in state not found. ignoring...
2022-01-29T13:36:49.662Z - info: [ui] [Welcome] kind Authentication is the same as Authentication. ignoring...
2022-01-29T13:37:02.912Z - info: [main] Received possible protocol arguments: 2
2022-01-29T13:37:02.912Z - info: [main] Processing protocol url
2022-01-29T13:37:02.924Z - info: [ui] [Dispatcher] requesting authenticated user
2022-01-29T13:37:02.928Z - info: [ui] [Welcome] kind Authentication is the same as Authentication. ignoring...
2022-01-29T13:37:02.945Z - info: [ui] [Welcome] kind Authentication is the same as Authentication. ignoring...
2022-01-29T13:37:04.215Z - info: [ui] [SignInStore] account resolved
2022-01-29T13:37:04.216Z - info: [ui] [AppStore] adding account saasja (saasja) to store
2022-01-29T13:37:04.230Z - info: [ui] [Welcome] advancing to step: ConfigureGit
2022-01-29T13:37:04.321Z - info: [ui] [Welcome] no sign in step found. ignoring...
2022-01-29T13:37:04.445Z - info: [ui] [Welcome] no sign in step found. ignoring...
2022-01-29T13:37:20.431Z - info: [ui] [Welcome] no sign in step found. ignoring...
2022-01-29T13:37:20.806Z - info: [ui] [Welcome] no sign in step found. ignoring...
